<?xml version="1.0" encoding="utf-8" standalone="no"?>
<test-run id="2" testcasecount="0" result="Failed" label="Invalid" total="0" passed="0" failed="0" inconclusive="0" skipped="0" asserts="0" engine-version="3.10.0.0" clr-version="4.0.30319.42000" start-time="2019-04-25 18:43:21Z" end-time="2019-04-25 18:43:21Z" duration="0.475148">
  <command-line><![CDATA["C:\Users\thomas.rath\.nuget\packages\nunit.consolerunner\3.10.0\tools\nunit3-console.exe" "C:\Source\Privat\LogExpert\src\AutoColumnizer.Tests\AutoColumnizer.Tests.csproj" --framework=net-4.5]]></command-line>
  <test-suite type="Unknown" id="0-1" name="AutoColumnizer.Tests.csproj" fullname="C:\Source\Privat\LogExpert\src\AutoColumnizer.Tests\AutoColumnizer.Tests.csproj" testcasecount="0" runstate="NotRunnable" result="Failed" label="Invalid">
    <properties>
      <property name="_SKIPREASON" value="File type is not supported" />
    </properties>
    <reason>
      <message>File type is not supported</message>
    </reason>
  </test-suite>
</test-run>